<?xml version="1.0" encoding="UTF-8"?>
<testng-results ignored="0" total="4" passed="4" failed="0" skipped="0">
  <reporter-output>
  </reporter-output>
  <suite started-at="2021-06-07T20:58:47Z" name="Default suite" finished-at="2021-06-07T21:00:14Z" duration-ms="86089">
    <groups>
    </groups>
    <test started-at="2021-06-07T20:58:47Z" name="Default test" finished-at="2021-06-07T21:00:14Z" duration-ms="86089">
      <class name="qa.ticket.testcases.TicketPurchase">
        <test-method is-config="true" signature="PageUrl()[pri:0, instance:qa.ticket.testcases.TicketPurchase@2049a9c1]" started-at="2021-06-07T15:58:47Z" name="PageUrl" finished-at="2021-06-07T15:58:58Z" duration-ms="10326" status="PASS">
          <reporter-output>
          </reporter-output>
        </test-method> <!-- PageUrl -->
        <test-method signature="validateHomePageTest1()[pri:0, instance:qa.ticket.testcases.TicketPurchase@2049a9c1]" started-at="2021-06-07T15:58:58Z" name="validateHomePageTest1" finished-at="2021-06-07T15:59:40Z" duration-ms="41945" status="PASS">
          <reporter-output>
          </reporter-output>
        </test-method> <!-- validateHomePageTest1 -->
        <test-method is-config="true" signature="pageClose()[pri:0, instance:qa.ticket.testcases.TicketPurchase@2049a9c1]" started-at="2021-06-07T15:59:40Z" name="pageClose" finished-at="2021-06-07T15:59:40Z" duration-ms="1" status="PASS">
          <reporter-output>
          </reporter-output>
        </test-method> <!-- pageClose -->
      </class> <!-- qa.ticket.testcases.TicketPurchase -->
      <class name="qa.ticket.testcases.HomePageVerify">
        <test-method is-config="true" signature="PageUrl()[pri:0, instance:qa.ticket.testcases.HomePageVerify@1ef6d34c]" started-at="2021-06-07T15:59:40Z" name="PageUrl" finished-at="2021-06-07T15:59:47Z" duration-ms="7639" status="PASS">
          <reporter-output>
          </reporter-output>
        </test-method> <!-- PageUrl -->
        <test-method signature="validateHomePageTest1()[pri:0, instance:qa.ticket.testcases.HomePageVerify@1ef6d34c]" started-at="2021-06-07T15:59:47Z" name="validateHomePageTest1" finished-at="2021-06-07T15:59:47Z" duration-ms="47" status="PASS">
          <reporter-output>
          </reporter-output>
        </test-method> <!-- validateHomePageTest1 -->
        <test-method is-config="true" signature="pageClose()[pri:0, instance:qa.ticket.testcases.HomePageVerify@1ef6d34c]" started-at="2021-06-07T15:59:47Z" name="pageClose" finished-at="2021-06-07T15:59:47Z" duration-ms="0" status="PASS">
          <reporter-output>
          </reporter-output>
        </test-method> <!-- pageClose -->
        <test-method is-config="true" signature="PageUrl()[pri:0, instance:qa.ticket.testcases.HomePageVerify@1ef6d34c]" started-at="2021-06-07T15:59:47Z" name="PageUrl" finished-at="2021-06-07T15:59:59Z" duration-ms="11131" status="PASS">
          <reporter-output>
          </reporter-output>
        </test-method> <!-- PageUrl -->
        <test-method signature="validateHomePageTest2()[pri:0, instance:qa.ticket.testcases.HomePageVerify@1ef6d34c]" started-at="2021-06-07T15:59:59Z" name="validateHomePageTest2" finished-at="2021-06-07T15:59:59Z" duration-ms="113" status="PASS">
          <reporter-output>
          </reporter-output>
        </test-method> <!-- validateHomePageTest2 -->
        <test-method is-config="true" signature="pageClose()[pri:0, instance:qa.ticket.testcases.HomePageVerify@1ef6d34c]" started-at="2021-06-07T15:59:59Z" name="pageClose" finished-at="2021-06-07T15:59:59Z" duration-ms="0" status="PASS">
          <reporter-output>
          </reporter-output>
        </test-method> <!-- pageClose -->
        <test-method is-config="true" signature="PageUrl()[pri:0, instance:qa.ticket.testcases.HomePageVerify@1ef6d34c]" started-at="2021-06-07T15:59:59Z" name="PageUrl" finished-at="2021-06-07T16:00:09Z" duration-ms="9966" status="PASS">
          <reporter-output>
          </reporter-output>
        </test-method> <!-- PageUrl -->
        <test-method signature="verifySoldOutTkt()[pri:0, instance:qa.ticket.testcases.HomePageVerify@1ef6d34c]" started-at="2021-06-07T16:00:09Z" name="verifySoldOutTkt" finished-at="2021-06-07T16:00:14Z" duration-ms="4891" status="PASS">
          <reporter-output>
          </reporter-output>
        </test-method> <!-- verifySoldOutTkt -->
        <test-method is-config="true" signature="pageClose()[pri:0, instance:qa.ticket.testcases.HomePageVerify@1ef6d34c]" started-at="2021-06-07T16:00:14Z" name="pageClose" finished-at="2021-06-07T16:00:14Z" duration-ms="0" status="PASS">
          <reporter-output>
          </reporter-output>
        </test-method> <!-- pageClose -->
      </class> <!-- qa.ticket.testcases.HomePageVerify -->
    </test> <!-- Default test -->
  </suite> <!-- Default suite -->
</testng-results>
