<?xml version="1.0" encoding="UTF-8"?>
<!-- Generated by org.testng.reporters.JUnitXMLReporter -->
<testsuite ignored="0" hostname="Smithas-MacBook-Air.local" failures="0" tests="4" name="Default test" time="86.089" errors="0" timestamp="07 Jun 2021 21:00:14 GMT">
  <testcase classname="qa.ticket.testcases.TicketPurchase" name="validateHomePageTest1" time="41.945"/>
  <testcase classname="qa.ticket.testcases.HomePageVerify" name="validateHomePageTest1" time="0.047"/>
  <testcase classname="qa.ticket.testcases.HomePageVerify" name="validateHomePageTest2" time="0.113"/>
  <testcase classname="qa.ticket.testcases.HomePageVerify" name="verifySoldOutTkt" time="4.891"/>
</testsuite> <!-- Default test -->
